0 info it worked if it ends with ok
1 verbose cli [ 'C:\\software\\nodejs\\\\node.exe',
1 verbose cli   'C:\\software\\nodejs\\node_modules\\npm\\bin\\npm-cli.js',
1 verbose cli   'install' ]
2 info using npm@1.4.28
3 info using node@v0.10.32
4 verbose node symlink C:\software\nodejs\\node.exe
5 warn package.json poc-prweb@0.0.1 No description
6 warn package.json poc-prweb@0.0.1 No repository field.
7 warn package.json poc-prweb@0.0.1 No README data
8 verbose readDependencies using package.json deps
9 verbose install where, deps [ 'C:\\Users\\liapan\\git\\poc-prweb\\src\\resources',
9 verbose install   [ 'connect',
9 verbose install     'serve-static',
9 verbose install     'angular',
9 verbose install     'angular-resource',
9 verbose install     'bootstrap',
9 verbose install     'crossfilter',
9 verbose install     'jquery',
9 verbose install     'hashmap',
9 verbose install     'nvd3' ] ]
10 info preinstall poc-prweb@0.0.1
11 verbose readDependencies using package.json deps
12 verbose cache add [ 'connect@^3.3.4', null ]
13 verbose cache add name=undefined spec="connect@^3.3.4" args=["connect@^3.3.4",null]
14 verbose parsed url { protocol: null,
14 verbose parsed url   slashes: null,
14 verbose parsed url   auth: null,
14 verbose parsed url   host: null,
14 verbose parsed url   port: null,
14 verbose parsed url   hostname: null,
14 verbose parsed url   hash: null,
14 verbose parsed url   search: null,
14 verbose parsed url   query: null,
14 verbose parsed url   pathname: 'connect@^3.3.4',
14 verbose parsed url   path: 'connect@^3.3.4',
14 verbose parsed url   href: 'connect@^3.3.4' }
15 verbose cache add [ 'serve-static@^1.9.1', null ]
16 verbose cache add name=undefined spec="serve-static@^1.9.1" args=["serve-static@^1.9.1",null]
17 verbose parsed url { protocol: null,
17 verbose parsed url   slashes: null,
17 verbose parsed url   auth: null,
17 verbose parsed url   host: null,
17 verbose parsed url   port: null,
17 verbose parsed url   hostname: null,
17 verbose parsed url   hash: null,
17 verbose parsed url   search: null,
17 verbose parsed url   query: null,
17 verbose parsed url   pathname: 'serve-static@^1.9.1',
17 verbose parsed url   path: 'serve-static@^1.9.1',
17 verbose parsed url   href: 'serve-static@^1.9.1' }
18 verbose cache add [ 'angular@^1.2.28', null ]
19 verbose cache add name=undefined spec="angular@^1.2.28" args=["angular@^1.2.28",null]
20 verbose parsed url { protocol: null,
20 verbose parsed url   slashes: null,
20 verbose parsed url   auth: null,
20 verbose parsed url   host: null,
20 verbose parsed url   port: null,
20 verbose parsed url   hostname: null,
20 verbose parsed url   hash: null,
20 verbose parsed url   search: null,
20 verbose parsed url   query: null,
20 verbose parsed url   pathname: 'angular@^1.2.28',
20 verbose parsed url   path: 'angular@^1.2.28',
20 verbose parsed url   href: 'angular@^1.2.28' }
21 verbose cache add [ 'angular-resource@^1.2.28', null ]
22 verbose cache add name=undefined spec="angular-resource@^1.2.28" args=["angular-resource@^1.2.28",null]
23 verbose parsed url { protocol: null,
23 verbose parsed url   slashes: null,
23 verbose parsed url   auth: null,
23 verbose parsed url   host: null,
23 verbose parsed url   port: null,
23 verbose parsed url   hostname: null,
23 verbose parsed url   hash: null,
23 verbose parsed url   search: null,
23 verbose parsed url   query: null,
23 verbose parsed url   pathname: 'angular-resource@^1.2.28',
23 verbose parsed url   path: 'angular-resource@^1.2.28',
23 verbose parsed url   href: 'angular-resource@^1.2.28' }
24 verbose cache add [ 'bootstrap@^3.1.1', null ]
25 verbose cache add name=undefined spec="bootstrap@^3.1.1" args=["bootstrap@^3.1.1",null]
26 verbose parsed url { protocol: null,
26 verbose parsed url   slashes: null,
26 verbose parsed url   auth: null,
26 verbose parsed url   host: null,
26 verbose parsed url   port: null,
26 verbose parsed url   hostname: null,
26 verbose parsed url   hash: null,
26 verbose parsed url   search: null,
26 verbose parsed url   query: null,
26 verbose parsed url   pathname: 'bootstrap@^3.1.1',
26 verbose parsed url   path: 'bootstrap@^3.1.1',
26 verbose parsed url   href: 'bootstrap@^3.1.1' }
27 verbose cache add [ 'crossfilter@^1.3.7', null ]
28 verbose cache add name=undefined spec="crossfilter@^1.3.7" args=["crossfilter@^1.3.7",null]
29 verbose parsed url { protocol: null,
29 verbose parsed url   slashes: null,
29 verbose parsed url   auth: null,
29 verbose parsed url   host: null,
29 verbose parsed url   port: null,
29 verbose parsed url   hostname: null,
29 verbose parsed url   hash: null,
29 verbose parsed url   search: null,
29 verbose parsed url   query: null,
29 verbose parsed url   pathname: 'crossfilter@^1.3.7',
29 verbose parsed url   path: 'crossfilter@^1.3.7',
29 verbose parsed url   href: 'crossfilter@^1.3.7' }
30 verbose cache add [ 'jquery@^1.11.2', null ]
31 verbose cache add name=undefined spec="jquery@^1.11.2" args=["jquery@^1.11.2",null]
32 verbose parsed url { protocol: null,
32 verbose parsed url   slashes: null,
32 verbose parsed url   auth: null,
32 verbose parsed url   host: null,
32 verbose parsed url   port: null,
32 verbose parsed url   hostname: null,
32 verbose parsed url   hash: null,
32 verbose parsed url   search: null,
32 verbose parsed url   query: null,
32 verbose parsed url   pathname: 'jquery@^1.11.2',
32 verbose parsed url   path: 'jquery@^1.11.2',
32 verbose parsed url   href: 'jquery@^1.11.2' }
33 verbose cache add [ 'hashmap@^2.0.0', null ]
34 verbose cache add name=undefined spec="hashmap@^2.0.0" args=["hashmap@^2.0.0",null]
35 verbose parsed url { protocol: null,
35 verbose parsed url   slashes: null,
35 verbose parsed url   auth: null,
35 verbose parsed url   host: null,
35 verbose parsed url   port: null,
35 verbose parsed url   hostname: null,
35 verbose parsed url   hash: null,
35 verbose parsed url   search: null,
35 verbose parsed url   query: null,
35 verbose parsed url   pathname: 'hashmap@^2.0.0',
35 verbose parsed url   path: 'hashmap@^2.0.0',
35 verbose parsed url   href: 'hashmap@^2.0.0' }
36 verbose cache add [ 'nvd3@^0.0.1', null ]
37 verbose cache add name=undefined spec="nvd3@^0.0.1" args=["nvd3@^0.0.1",null]
38 verbose parsed url { protocol: null,
38 verbose parsed url   slashes: null,
38 verbose parsed url   auth: null,
38 verbose parsed url   host: null,
38 verbose parsed url   port: null,
38 verbose parsed url   hostname: null,
38 verbose parsed url   hash: null,
38 verbose parsed url   search: null,
38 verbose parsed url   query: null,
38 verbose parsed url   pathname: 'nvd3@^0.0.1',
38 verbose parsed url   path: 'nvd3@^0.0.1',
38 verbose parsed url   href: 'nvd3@^0.0.1' }
39 verbose cache add name="connect" spec="^3.3.4" args=["connect","^3.3.4"]
40 verbose parsed url { protocol: null,
40 verbose parsed url   slashes: null,
40 verbose parsed url   auth: null,
40 verbose parsed url   host: null,
40 verbose parsed url   port: null,
40 verbose parsed url   hostname: null,
40 verbose parsed url   hash: null,
40 verbose parsed url   search: null,
40 verbose parsed url   query: null,
40 verbose parsed url   pathname: '^3.3.4',
40 verbose parsed url   path: '^3.3.4',
40 verbose parsed url   href: '^3.3.4' }
41 verbose addNamed [ 'connect', '^3.3.4' ]
42 verbose addNamed [ null, '>=3.3.4-0 <4.0.0-0' ]
43 verbose cache add name="serve-static" spec="^1.9.1" args=["serve-static","^1.9.1"]
44 verbose parsed url { protocol: null,
44 verbose parsed url   slashes: null,
44 verbose parsed url   auth: null,
44 verbose parsed url   host: null,
44 verbose parsed url   port: null,
44 verbose parsed url   hostname: null,
44 verbose parsed url   hash: null,
44 verbose parsed url   search: null,
44 verbose parsed url   query: null,
44 verbose parsed url   pathname: '^1.9.1',
44 verbose parsed url   path: '^1.9.1',
44 verbose parsed url   href: '^1.9.1' }
45 verbose addNamed [ 'serve-static', '^1.9.1' ]
46 verbose addNamed [ null, '>=1.9.1-0 <2.0.0-0' ]
47 verbose cache add name="angular" spec="^1.2.28" args=["angular","^1.2.28"]
48 verbose parsed url { protocol: null,
48 verbose parsed url   slashes: null,
48 verbose parsed url   auth: null,
48 verbose parsed url   host: null,
48 verbose parsed url   port: null,
48 verbose parsed url   hostname: null,
48 verbose parsed url   hash: null,
48 verbose parsed url   search: null,
48 verbose parsed url   query: null,
48 verbose parsed url   pathname: '^1.2.28',
48 verbose parsed url   path: '^1.2.28',
48 verbose parsed url   href: '^1.2.28' }
49 verbose addNamed [ 'angular', '^1.2.28' ]
50 verbose addNamed [ null, '>=1.2.28-0 <2.0.0-0' ]
51 verbose cache add name="angular-resource" spec="^1.2.28" args=["angular-resource","^1.2.28"]
52 verbose parsed url { protocol: null,
52 verbose parsed url   slashes: null,
52 verbose parsed url   auth: null,
52 verbose parsed url   host: null,
52 verbose parsed url   port: null,
52 verbose parsed url   hostname: null,
52 verbose parsed url   hash: null,
52 verbose parsed url   search: null,
52 verbose parsed url   query: null,
52 verbose parsed url   pathname: '^1.2.28',
52 verbose parsed url   path: '^1.2.28',
52 verbose parsed url   href: '^1.2.28' }
53 verbose addNamed [ 'angular-resource', '^1.2.28' ]
54 verbose addNamed [ null, '>=1.2.28-0 <2.0.0-0' ]
55 verbose cache add name="bootstrap" spec="^3.1.1" args=["bootstrap","^3.1.1"]
56 verbose parsed url { protocol: null,
56 verbose parsed url   slashes: null,
56 verbose parsed url   auth: null,
56 verbose parsed url   host: null,
56 verbose parsed url   port: null,
56 verbose parsed url   hostname: null,
56 verbose parsed url   hash: null,
56 verbose parsed url   search: null,
56 verbose parsed url   query: null,
56 verbose parsed url   pathname: '^3.1.1',
56 verbose parsed url   path: '^3.1.1',
56 verbose parsed url   href: '^3.1.1' }
57 verbose addNamed [ 'bootstrap', '^3.1.1' ]
58 verbose addNamed [ null, '>=3.1.1-0 <4.0.0-0' ]
59 verbose cache add name="crossfilter" spec="^1.3.7" args=["crossfilter","^1.3.7"]
60 verbose parsed url { protocol: null,
60 verbose parsed url   slashes: null,
60 verbose parsed url   auth: null,
60 verbose parsed url   host: null,
60 verbose parsed url   port: null,
60 verbose parsed url   hostname: null,
60 verbose parsed url   hash: null,
60 verbose parsed url   search: null,
60 verbose parsed url   query: null,
60 verbose parsed url   pathname: '^1.3.7',
60 verbose parsed url   path: '^1.3.7',
60 verbose parsed url   href: '^1.3.7' }
61 verbose addNamed [ 'crossfilter', '^1.3.7' ]
62 verbose addNamed [ null, '>=1.3.7-0 <2.0.0-0' ]
63 verbose cache add name="jquery" spec="^1.11.2" args=["jquery","^1.11.2"]
64 verbose parsed url { protocol: null,
64 verbose parsed url   slashes: null,
64 verbose parsed url   auth: null,
64 verbose parsed url   host: null,
64 verbose parsed url   port: null,
64 verbose parsed url   hostname: null,
64 verbose parsed url   hash: null,
64 verbose parsed url   search: null,
64 verbose parsed url   query: null,
64 verbose parsed url   pathname: '^1.11.2',
64 verbose parsed url   path: '^1.11.2',
64 verbose parsed url   href: '^1.11.2' }
65 verbose addNamed [ 'jquery', '^1.11.2' ]
66 verbose addNamed [ null, '>=1.11.2-0 <2.0.0-0' ]
67 verbose cache add name="hashmap" spec="^2.0.0" args=["hashmap","^2.0.0"]
68 verbose parsed url { protocol: null,
68 verbose parsed url   slashes: null,
68 verbose parsed url   auth: null,
68 verbose parsed url   host: null,
68 verbose parsed url   port: null,
68 verbose parsed url   hostname: null,
68 verbose parsed url   hash: null,
68 verbose parsed url   search: null,
68 verbose parsed url   query: null,
68 verbose parsed url   pathname: '^2.0.0',
68 verbose parsed url   path: '^2.0.0',
68 verbose parsed url   href: '^2.0.0' }
69 verbose addNamed [ 'hashmap', '^2.0.0' ]
70 verbose addNamed [ null, '>=2.0.0-0 <3.0.0-0' ]
71 verbose cache add name="nvd3" spec="^0.0.1" args=["nvd3","^0.0.1"]
72 verbose parsed url { protocol: null,
72 verbose parsed url   slashes: null,
72 verbose parsed url   auth: null,
72 verbose parsed url   host: null,
72 verbose parsed url   port: null,
72 verbose parsed url   hostname: null,
72 verbose parsed url   hash: null,
72 verbose parsed url   search: null,
72 verbose parsed url   query: null,
72 verbose parsed url   pathname: '^0.0.1',
72 verbose parsed url   path: '^0.0.1',
72 verbose parsed url   href: '^0.0.1' }
73 verbose addNamed [ 'nvd3', '^0.0.1' ]
74 verbose addNamed [ null, '=0.0.1' ]
75 silly lockFile 1f7b6dba-connect-3-3-4 connect@^3.3.4
76 verbose lock connect@^3.3.4 C:\Users\liapan\AppData\Roaming\npm-cache\1f7b6dba-connect-3-3-4.lock
77 silly lockFile f6d78b76-serve-static-1-9-1 serve-static@^1.9.1
78 verbose lock serve-static@^1.9.1 C:\Users\liapan\AppData\Roaming\npm-cache\f6d78b76-serve-static-1-9-1.lock
79 silly lockFile 943c9e06-angular-1-2-28 angular@^1.2.28
80 verbose lock angular@^1.2.28 C:\Users\liapan\AppData\Roaming\npm-cache\943c9e06-angular-1-2-28.lock
81 silly lockFile 5a1d20a0-angular-resource-1-2-28 angular-resource@^1.2.28
82 verbose lock angular-resource@^1.2.28 C:\Users\liapan\AppData\Roaming\npm-cache\5a1d20a0-angular-resource-1-2-28.lock
83 silly lockFile 859af778-bootstrap-3-1-1 bootstrap@^3.1.1
84 verbose lock bootstrap@^3.1.1 C:\Users\liapan\AppData\Roaming\npm-cache\859af778-bootstrap-3-1-1.lock
85 silly lockFile e12aa5ea-crossfilter-1-3-7 crossfilter@^1.3.7
86 verbose lock crossfilter@^1.3.7 C:\Users\liapan\AppData\Roaming\npm-cache\e12aa5ea-crossfilter-1-3-7.lock
87 silly lockFile 43071316-jquery-1-11-2 jquery@^1.11.2
88 verbose lock jquery@^1.11.2 C:\Users\liapan\AppData\Roaming\npm-cache\43071316-jquery-1-11-2.lock
89 silly lockFile 72c092fc-hashmap-2-0-0 hashmap@^2.0.0
90 verbose lock hashmap@^2.0.0 C:\Users\liapan\AppData\Roaming\npm-cache\72c092fc-hashmap-2-0-0.lock
91 silly lockFile c3d465a1-nvd3-0-0-1 nvd3@^0.0.1
92 verbose lock nvd3@^0.0.1 C:\Users\liapan\AppData\Roaming\npm-cache\c3d465a1-nvd3-0-0-1.lock
93 silly addNameRange { name: 'connect', range: '>=3.3.4-0 <4.0.0-0', hasData: false }
94 silly addNameRange { name: 'serve-static',
94 silly addNameRange   range: '>=1.9.1-0 <2.0.0-0',
94 silly addNameRange   hasData: false }
95 silly addNameRange { name: 'angular', range: '>=1.2.28-0 <2.0.0-0', hasData: false }
96 silly addNameRange { name: 'bootstrap',
96 silly addNameRange   range: '>=3.1.1-0 <4.0.0-0',
96 silly addNameRange   hasData: false }
97 silly addNameRange { name: 'jquery', range: '>=1.11.2-0 <2.0.0-0', hasData: false }
98 silly addNameRange { name: 'hashmap', range: '>=2.0.0-0 <3.0.0-0', hasData: false }
99 silly addNameRange { name: 'nvd3', range: '=0.0.1', hasData: false }
100 silly addNameRange { name: 'angular-resource',
100 silly addNameRange   range: '>=1.2.28-0 <2.0.0-0',
100 silly addNameRange   hasData: false }
101 silly addNameRange { name: 'crossfilter',
101 silly addNameRange   range: '>=1.3.7-0 <2.0.0-0',
101 silly addNameRange   hasData: false }
102 verbose request where is /connect
103 verbose request registry https://registry.npmjs.org/
104 verbose request id 61fd88d40e86ea19
105 verbose url raw /connect
106 verbose url resolving [ 'https://registry.npmjs.org/', './connect' ]
107 verbose url resolved https://registry.npmjs.org/connect
108 verbose request where is https://registry.npmjs.org/connect
109 info trying registry request attempt 1 at 10:59:45
110 verbose etag "A8R9ZMB5O204CBD9TMUFQMIIO"
111 http GET https://registry.npmjs.org/connect
112 verbose request where is /serve-static
113 verbose request registry https://registry.npmjs.org/
114 verbose url raw /serve-static
115 verbose url resolving [ 'https://registry.npmjs.org/', './serve-static' ]
116 verbose url resolved https://registry.npmjs.org/serve-static
117 verbose request where is https://registry.npmjs.org/serve-static
118 info trying registry request attempt 1 at 10:59:45
119 verbose etag "95VY9XGYDPXIP5EDYCDQPHO1X"
120 http GET https://registry.npmjs.org/serve-static
121 verbose request where is /bootstrap
122 verbose request registry https://registry.npmjs.org/
123 verbose url raw /bootstrap
124 verbose url resolving [ 'https://registry.npmjs.org/', './bootstrap' ]
125 verbose url resolved https://registry.npmjs.org/bootstrap
126 verbose request where is https://registry.npmjs.org/bootstrap
127 info trying registry request attempt 1 at 10:59:45
128 verbose etag "JW8KVJF8AT11RONXLRVA7HYT"
129 http GET https://registry.npmjs.org/bootstrap
130 verbose request where is /angular
131 verbose request registry https://registry.npmjs.org/
132 verbose url raw /angular
133 verbose url resolving [ 'https://registry.npmjs.org/', './angular' ]
134 verbose url resolved https://registry.npmjs.org/angular
135 verbose request where is https://registry.npmjs.org/angular
136 info trying registry request attempt 1 at 10:59:45
137 verbose etag "3KSVO5DKSG52IMFTTLQZHJOJY"
138 http GET https://registry.npmjs.org/angular
139 verbose request where is /jquery
140 verbose request registry https://registry.npmjs.org/
141 verbose url raw /jquery
142 verbose url resolving [ 'https://registry.npmjs.org/', './jquery' ]
143 verbose url resolved https://registry.npmjs.org/jquery
144 verbose request where is https://registry.npmjs.org/jquery
145 info trying registry request attempt 1 at 10:59:45
146 verbose etag "1STE3SAY1I7CBO2ZROHJD5N3"
147 http GET https://registry.npmjs.org/jquery
148 verbose request where is /hashmap
149 verbose request registry https://registry.npmjs.org/
150 verbose url raw /hashmap
151 verbose url resolving [ 'https://registry.npmjs.org/', './hashmap' ]
152 verbose url resolved https://registry.npmjs.org/hashmap
153 verbose request where is https://registry.npmjs.org/hashmap
154 info trying registry request attempt 1 at 10:59:45
155 verbose etag "4IBJC3BNNQL09RDCSFPY077PN"
156 http GET https://registry.npmjs.org/hashmap
157 verbose request where is /nvd3
158 verbose request registry https://registry.npmjs.org/
159 verbose url raw /nvd3
160 verbose url resolving [ 'https://registry.npmjs.org/', './nvd3' ]
161 verbose url resolved https://registry.npmjs.org/nvd3
162 verbose request where is https://registry.npmjs.org/nvd3
163 info trying registry request attempt 1 at 10:59:45
164 verbose etag "ALHYSY67WSSXYT9MMO0CWN47Q"
165 http GET https://registry.npmjs.org/nvd3
166 verbose request where is /crossfilter
167 verbose request registry https://registry.npmjs.org/
168 verbose url raw /crossfilter
169 verbose url resolving [ 'https://registry.npmjs.org/', './crossfilter' ]
170 verbose url resolved https://registry.npmjs.org/crossfilter
171 verbose request where is https://registry.npmjs.org/crossfilter
172 info trying registry request attempt 1 at 10:59:45
173 verbose etag "4Y763MTVGOD3DJXEF5GLM1QRG"
174 http GET https://registry.npmjs.org/crossfilter
175 verbose request where is /angular-resource
176 verbose request registry https://registry.npmjs.org/
177 verbose url raw /angular-resource
178 verbose url resolving [ 'https://registry.npmjs.org/', './angular-resource' ]
179 verbose url resolved https://registry.npmjs.org/angular-resource
180 verbose request where is https://registry.npmjs.org/angular-resource
181 info trying registry request attempt 1 at 10:59:45
182 verbose etag "6KI9LMKVWF6102Z201FVRA26C"
183 http GET https://registry.npmjs.org/angular-resource
184 http 304 https://registry.npmjs.org/serve-static
185 silly registry.get cb [ 304,
185 silly registry.get   { date: 'Fri, 06 Mar 2015 02:59:46 GMT',
185 silly registry.get     server: 'Apache',
185 silly registry.get     via: '1.1 varnish',
185 silly registry.get     'last-modified': 'Fri, 06 Mar 2015 02:58:58 GMT',
185 silly registry.get     'cache-control': 'max-age=60',
185 silly registry.get     etag: '"95VY9XGYDPXIP5EDYCDQPHO1X"',
185 silly registry.get     age: '57',
185 silly registry.get     'x-served-by': 'cache-nrt6134-NRT',
185 silly registry.get     'x-cache': 'HIT',
185 silly registry.get     'x-cache-hits': '5',
185 silly registry.get     'x-timer': 'S1425610786.264889,VS0,VE0',
185 silly registry.get     vary: 'Accept',
185 silly registry.get     'content-length': '0',
185 silly registry.get     'keep-alive': 'timeout=10, max=50',
185 silly registry.get     connection: 'Keep-Alive' } ]
186 verbose etag https://registry.npmjs.org/serve-static from cache
187 silly addNameRange number 2 { name: 'serve-static',
187 silly addNameRange   range: '>=1.9.1-0 <2.0.0-0',
187 silly addNameRange   hasData: true }
188 silly addNameRange versions [ 'serve-static',
188 silly addNameRange   [ '1.0.0',
188 silly addNameRange     '1.0.1',
188 silly addNameRange     '1.0.2',
188 silly addNameRange     '1.0.3',
188 silly addNameRange     '1.0.4',
188 silly addNameRange     '1.1.0',
188 silly addNameRange     '1.2.0',
188 silly addNameRange     '1.2.1',
188 silly addNameRange     '1.2.2',
188 silly addNameRange     '1.2.3',
188 silly addNameRange     '1.3.0',
188 silly addNameRange     '1.3.1',
188 silly addNameRange     '1.3.2',
188 silly addNameRange     '1.4.0',
188 silly addNameRange     '1.4.1',
188 silly addNameRange     '1.4.2',
188 silly addNameRange     '1.4.3',
188 silly addNameRange     '1.4.4',
188 silly addNameRange     '1.5.0',
188 silly addNameRange     '1.5.1',
188 silly addNameRange     '1.5.2',
188 silly addNameRange     '1.5.3',
188 silly addNameRange     '1.5.4',
188 silly addNameRange     '1.6.0',
188 silly addNameRange     '1.6.1',
188 silly addNameRange     '1.6.2',
188 silly addNameRange     '1.6.3',
188 silly addNameRange     '1.6.4',
188 silly addNameRange     '1.7.0',
188 silly addNameRange     '1.7.1',
188 silly addNameRange     '1.7.2',
188 silly addNameRange     '1.8.0',
188 silly addNameRange     '1.8.1',
188 silly addNameRange     '1.6.5',
188 silly addNameRange     '1.9.0',
188 silly addNameRange     '1.9.1' ] ]
189 verbose addNamed [ 'serve-static', '1.9.1' ]
190 verbose addNamed [ '1.9.1', '1.9.1' ]
191 silly lockFile c75ad125-serve-static-1-9-1 serve-static@1.9.1
192 verbose lock serve-static@1.9.1 C:\Users\liapan\AppData\Roaming\npm-cache\c75ad125-serve-static-1-9-1.lock
193 silly lockFile c75ad125-serve-static-1-9-1 serve-static@1.9.1
194 silly lockFile c75ad125-serve-static-1-9-1 serve-static@1.9.1
195 silly lockFile f6d78b76-serve-static-1-9-1 serve-static@^1.9.1
196 silly lockFile f6d78b76-serve-static-1-9-1 serve-static@^1.9.1
197 http 304 https://registry.npmjs.org/angular
198 silly registry.get cb [ 304,
198 silly registry.get   { date: 'Fri, 06 Mar 2015 02:59:46 GMT',
198 silly registry.get     server: 'Apache',
198 silly registry.get     via: '1.1 varnish',
198 silly registry.get     'last-modified': 'Fri, 06 Mar 2015 02:59:46 GMT',
198 silly registry.get     'cache-control': 'max-age=60',
198 silly registry.get     etag: '"3KSVO5DKSG52IMFTTLQZHJOJY"',
198 silly registry.get     age: '13',
198 silly registry.get     'x-served-by': 'cache-nrt6120-NRT',
198 silly registry.get     'x-cache': 'HIT',
198 silly registry.get     'x-cache-hits': '1',
198 silly registry.get     'x-timer': 'S1425610786.288938,VS0,VE1',
198 silly registry.get     vary: 'Accept',
198 silly registry.get     'content-length': '0',
198 silly registry.get     'keep-alive': 'timeout=10, max=50',
198 silly registry.get     connection: 'Keep-Alive' } ]
199 verbose etag https://registry.npmjs.org/angular from cache
200 silly addNameRange number 2 { name: 'angular', range: '>=1.2.28-0 <2.0.0-0', hasData: true }
201 silly addNameRange versions [ 'angular',
201 silly addNameRange   [ '0.0.1',
201 silly addNameRange     '0.0.1-1',
201 silly addNameRange     '0.0.1-2',
201 silly addNameRange     '0.0.2',
201 silly addNameRange     '0.0.3',
201 silly addNameRange     '0.0.4',
201 silly addNameRange     '1.0.0',
201 silly addNameRange     '1.0.1',
201 silly addNameRange     '1.0.2',
201 silly addNameRange     '1.0.3',
201 silly addNameRange     '1.0.4',
201 silly addNameRange     '1.0.5',
201 silly addNameRange     '1.0.6',
201 silly addNameRange     '1.0.7',
201 silly addNameRange     '1.0.8',
201 silly addNameRange     '1.1.0',
201 silly addNameRange     '1.1.1',
201 silly addNameRange     '1.1.2',
201 silly addNameRange     '1.1.3',
201 silly addNameRange     '1.1.4',
201 silly addNameRange     '1.1.5',
201 silly addNameRange     '1.2.0',
201 silly addNameRange     '1.2.1',
201 silly addNameRange     '1.2.2',
201 silly addNameRange     '1.2.3',
201 silly addNameRange     '1.2.4',
201 silly addNameRange     '1.2.5',
201 silly addNameRange     '1.2.6',
201 silly addNameRange     '1.2.7',
201 silly addNameRange     '1.2.8',
201 silly addNameRange     '1.2.9',
201 silly addNameRange     '1.2.10',
201 silly addNameRange     '1.2.11',
201 silly addNameRange     '1.2.12',
201 silly addNameRange     '1.2.13',
201 silly addNameRange     '1.2.14',
201 silly addNameRange     '1.2.15',
201 silly addNameRange     '1.2.16',
201 silly addNameRange     '1.2.17',
201 silly addNameRange     '1.2.18',
201 silly addNameRange     '1.2.19',
201 silly addNameRange     '1.2.20',
201 silly addNameRange     '1.2.21',
201 silly addNameRange     '1.2.22',
201 silly addNameRange     '1.2.23',
201 silly addNameRange     '1.3.0-rc.5',
201 silly addNameRange     '1.3.0',
201 silly addNameRange     '1.3.1',
201 silly addNameRange     '1.3.2',
201 silly addNameRange     '1.3.3',
201 silly addNameRange     '1.3.4-build.3588',
201 silly addNameRange     '1.2.27',
201 silly addNameRange     '1.3.4',
201 silly addNameRange     '1.3.5',
201 silly addNameRange     '1.3.36',
201 silly addNameRange     '1.3.6',
201 silly addNameRange     '1.3.7',
201 silly addNameRange     '1.2.28',
201 silly addNameRange     '1.3.8',
201 silly addNameRange     '1.4.0-beta.0',
201 silly addNameRange     '1.3.9',
201 silly addNameRange     '1.3.10',
201 silly addNameRange     '1.4.0-beta.1',
201 silly addNameRange     '1.4.0-beta.2',
201 silly addNameRange     '1.3.11',
201 silly addNameRange     '1.4.0-beta.3',
201 silly addNameRange     '1.3.12',
201 silly addNameRange     '1.3.13',
201 silly addNameRange     '1.4.0-beta.4',
201 silly addNameRange     '1.3.14',
201 silly addNameRange     '1.4.0-beta.5' ] ]
202 verbose addNamed [ 'angular', '1.3.14' ]
203 verbose addNamed [ '1.3.14', '1.3.14' ]
204 silly lockFile d51d9ea2-angular-1-3-14 angular@1.3.14
205 verbose lock angular@1.3.14 C:\Users\liapan\AppData\Roaming\npm-cache\d51d9ea2-angular-1-3-14.lock
206 silly lockFile d51d9ea2-angular-1-3-14 angular@1.3.14
207 silly lockFile d51d9ea2-angular-1-3-14 angular@1.3.14
208 silly lockFile 943c9e06-angular-1-2-28 angular@^1.2.28
209 silly lockFile 943c9e06-angular-1-2-28 angular@^1.2.28
210 http 304 https://registry.npmjs.org/bootstrap
211 silly registry.get cb [ 304,
211 silly registry.get   { date: 'Fri, 06 Mar 2015 02:59:46 GMT',
211 silly registry.get     server: 'Apache',
211 silly registry.get     via: '1.1 varnish',
211 silly registry.get     'last-modified': 'Fri, 06 Mar 2015 02:59:46 GMT',
211 silly registry.get     'cache-control': 'max-age=60',
211 silly registry.get     etag: '"JW8KVJF8AT11RONXLRVA7HYT"',
211 silly registry.get     age: '0',
211 silly registry.get     'x-served-by': 'cache-nrt6125-NRT',
211 silly registry.get     'x-cache': 'HIT',
211 silly registry.get     'x-cache-hits': '1',
211 silly registry.get     'x-timer': 'S1425610786.273934,VS0,VE116',
211 silly registry.get     vary: 'Accept',
211 silly registry.get     'content-length': '0',
211 silly registry.get     'keep-alive': 'timeout=10, max=50',
211 silly registry.get     connection: 'Keep-Alive' } ]
212 verbose etag https://registry.npmjs.org/bootstrap from cache
213 silly addNameRange number 2 { name: 'bootstrap', range: '>=3.1.1-0 <4.0.0-0', hasData: true }
214 silly addNameRange versions [ 'bootstrap',
214 silly addNameRange   [ '0.0.1', '0.0.2', '3.1.1', '3.2.0', '3.3.0', '3.3.1', '3.3.2' ] ]
215 verbose addNamed [ 'bootstrap', '3.3.2' ]
216 verbose addNamed [ '3.3.2', '3.3.2' ]
217 silly lockFile f16b9f02-bootstrap-3-3-2 bootstrap@3.3.2
218 verbose lock bootstrap@3.3.2 C:\Users\liapan\AppData\Roaming\npm-cache\f16b9f02-bootstrap-3-3-2.lock
219 silly lockFile f16b9f02-bootstrap-3-3-2 bootstrap@3.3.2
220 silly lockFile f16b9f02-bootstrap-3-3-2 bootstrap@3.3.2
221 silly lockFile 859af778-bootstrap-3-1-1 bootstrap@^3.1.1
222 silly lockFile 859af778-bootstrap-3-1-1 bootstrap@^3.1.1
223 http 304 https://registry.npmjs.org/connect
224 silly registry.get cb [ 304,
224 silly registry.get   { date: 'Fri, 06 Mar 2015 02:59:46 GMT',
224 silly registry.get     server: 'Apache',
224 silly registry.get     via: '1.1 varnish',
224 silly registry.get     'last-modified': 'Fri, 06 Mar 2015 02:59:46 GMT',
224 silly registry.get     'cache-control': 'max-age=60',
224 silly registry.get     etag: '"A8R9ZMB5O204CBD9TMUFQMIIO"',
224 silly registry.get     age: '0',
224 silly registry.get     'x-served-by': 'cache-nrt6131-NRT',
224 silly registry.get     'x-cache': 'HIT',
224 silly registry.get     'x-cache-hits': '1',
224 silly registry.get     'x-timer': 'S1425610786.265089,VS0,VE185',
224 silly registry.get     vary: 'Accept',
224 silly registry.get     'content-length': '0',
224 silly registry.get     'keep-alive': 'timeout=10, max=50',
224 silly registry.get     connection: 'Keep-Alive' } ]
225 verbose etag https://registry.npmjs.org/connect from cache
226 http 304 https://registry.npmjs.org/hashmap
227 silly registry.get cb [ 304,
227 silly registry.get   { date: 'Fri, 06 Mar 2015 02:59:46 GMT',
227 silly registry.get     server: 'Apache',
227 silly registry.get     via: '1.1 varnish',
227 silly registry.get     'last-modified': 'Fri, 06 Mar 2015 02:59:46 GMT',
227 silly registry.get     'cache-control': 'max-age=60',
227 silly registry.get     etag: '"4IBJC3BNNQL09RDCSFPY077PN"',
227 silly registry.get     age: '0',
227 silly registry.get     'x-served-by': 'cache-nrt6134-NRT',
227 silly registry.get     'x-cache': 'MISS',
227 silly registry.get     'x-cache-hits': '0',
227 silly registry.get     'x-timer': 'S1425610786.342662,VS0,VE113',
227 silly registry.get     vary: 'Accept',
227 silly registry.get     'content-length': '0',
227 silly registry.get     'keep-alive': 'timeout=10, max=49',
227 silly registry.get     connection: 'Keep-Alive' } ]
228 verbose etag https://registry.npmjs.org/hashmap from cache
229 silly addNameRange number 2 { name: 'connect', range: '>=3.3.4-0 <4.0.0-0', hasData: true }
230 silly addNameRange versions [ 'connect',
230 silly addNameRange   [ '0.0.1',
230 silly addNameRange     '0.0.2',
230 silly addNameRange     '0.0.3',
230 silly addNameRange     '0.0.4',
230 silly addNameRange     '0.0.5',
230 silly addNameRange     '0.0.6',
230 silly addNameRange     '0.1.0',
230 silly addNameRange     '0.2.0',
230 silly addNameRange     '0.2.1',
230 silly addNameRange     '0.2.2',
230 silly addNameRange     '0.2.3',
230 silly addNameRange     '0.2.4',
230 silly addNameRange     '0.2.5',
230 silly addNameRange     '0.2.6',
230 silly addNameRange     '0.2.7',
230 silly addNameRange     '0.3.0',
230 silly addNameRange     '0.4.0',
230 silly addNameRange     '0.5.0',
230 silly addNameRange     '0.5.1',
230 silly addNameRange     '0.5.2',
230 silly addNameRange     '0.5.3',
230 silly addNameRange     '0.5.4',
230 silly addNameRange     '0.5.5',
230 silly addNameRange     '0.5.6',
230 silly addNameRange     '0.5.7',
230 silly addNameRange     '0.5.8',
230 silly addNameRange     '0.5.9',
230 silly addNameRange     '0.5.10',
230 silly addNameRange     '1.0.0',
230 silly addNameRange     '1.0.1',
230 silly addNameRange     '1.0.2',
230 silly addNameRange     '1.0.3',
230 silly addNameRange     '1.0.4',
230 silly addNameRange     '1.0.5',
230 silly addNameRange     '1.0.6',
230 silly addNameRange     '1.1.0',
230 silly addNameRange     '1.1.1',
230 silly addNameRange     '1.1.2',
230 silly addNameRange     '1.1.3',
230 silly addNameRange     '1.1.4',
230 silly addNameRange     '1.1.5',
230 silly addNameRange     '1.2.0',
230 silly addNameRange     '1.2.1',
230 silly addNameRange     '1.2.2',
230 silly addNameRange     '1.2.3',
230 silly addNameRange     '1.3.0',
230 silly addNameRange     '1.4.0',
230 silly addNameRange     '1.4.1',
230 silly addNameRange     '1.4.2',
230 silly addNameRange     '1.4.3',
230 silly addNameRange     '1.4.4',
230 silly addNameRange     '1.4.5',
230 silly addNameRange     '1.4.6',
230 silly addNameRange     '1.5.0',
230 silly addNameRange     '1.5.1',
230 silly addNameRange     '1.5.2',
230 silly addNameRange     '1.6.0',
230 silly addNameRange     '1.6.1',
230 silly addNameRange     '1.6.2',
230 silly addNameRange     '1.6.3',
230 silly addNameRange     '1.6.4',
230 silly addNameRange     '1.7.0',
230 silly addNameRange     '1.7.1',
230 silly addNameRange     '1.7.2',
230 silly addNameRange     '1.7.3',
230 silly addNameRange     '1.8.0',
230 silly addNameRange     '1.8.1',
230 silly addNameRange     '1.8.2',
230 silly addNameRange     '1.8.3',
230 silly addNameRange     '1.8.4',
230 silly addNameRange     '1.8.5',
230 silly addNameRange     '2.0.0',
230 silly addNameRange     '2.0.1',
230 silly addNameRange     '2.0.2',
230 silly addNameRange     '2.0.3',
230 silly addNameRange     '1.8.6',
230 silly addNameRange     '2.1.0',
230 silly addNameRange     '2.1.1',
230 silly addNameRange     '2.1.2',
230 silly addNameRange     '1.8.7',
230 silly addNameRange     '2.1.3',
230 silly addNameRange     '2.2.0',
230 silly addNameRange     '2.2.1',
230 silly addNameRange     '2.2.2',
230 silly addNameRange     '2.3.0',
230 silly addNameRange     '2.3.1',
230 silly addNameRange     '2.3.2',
230 silly addNameRange     '2.3.3',
230 silly addNameRange     '1.9.0',
230 silly addNameRange     '1.9.1',
230 silly addNameRange     '2.3.4',
230 silly addNameRange     '2.3.5',
230 silly addNameRange     '2.3.6',
230 silly addNameRange     '2.3.7',
230 silly addNameRange     '1.9.2',
230 silly addNameRange     '2.3.8',
230 silly addNameRange     '2.3.9',
230 silly addNameRange     '2.4.0',
230 silly addNameRange     '2.4.1',
230 silly addNameRange     '2.4.2',
230 silly addNameRange     '2.4.3',
230 silly addNameRange     '2.4.4',
230 silly addNameRange     '2.4.5',
230 silly addNameRange     '2.4.6',
230 silly addNameRange     '2.5.0',
230 silly addNameRange     '2.6.0',
230 silly addNameRange     '2.6.1',
230 silly addNameRange     '2.6.2',
230 silly addNameRange     '2.7.0',
230 silly addNameRange     '2.7.1',
230 silly addNameRange     '2.7.2',
230 silly addNameRange     '2.7.3',
230 silly addNameRange     '2.7.4',
230 silly addNameRange     '2.7.5',
230 silly addNameRange     '2.7.6',
230 silly addNameRange     '2.7.7',
230 silly addNameRange     '2.7.8',
230 silly addNameRange     '2.7.9',
230 silly addNameRange     '2.7.10',
230 silly addNameRange     '2.7.11',
230 silly addNameRange     '2.8.0',
230 silly addNameRange     '2.8.1',
230 silly addNameRange     '2.8.2',
230 silly addNameRange     '2.8.3',
230 silly addNameRange     '2.8.4',
230 silly addNameRange     '2.8.5',
230 silly addNameRange     '2.8.6',
230 silly addNameRange     '2.8.7',
230 silly addNameRange     '2.8.8',
230 silly addNameRange     '2.9.0',
230 silly addNameRange     '2.9.1',
230 silly addNameRange     '2.9.2',
230 silly addNameRange     '2.10.0',
230 silly addNameRange     '2.10.1',
230 silly addNameRange     '2.11.0',
230 silly addNameRange     '2.11.1',
230 silly addNameRange     '2.11.2',
230 silly addNameRange     '2.12.0',
230 silly addNameRange     '2.13.0',
230 silly addNameRange     '2.13.1',
230 silly addNameRange     '2.14.0',
230 silly addNameRange     '2.14.1',
230 silly addNameRange     '3.0.0-rc.1',
230 silly addNameRange     '2.14.2',
230 silly addNameRange     '2.14.3',
230 silly addNameRange     '2.14.4',
230 silly addNameRange     '2.14.5',
230 silly addNameRange     '2.15.0',
230 silly addNameRange     '3.0.0-rc.2',
230 silly addNameRange     '2.16.0',
230 silly addNameRange     '2.16.1',
230 silly addNameRange     '2.16.2',
230 silly addNameRange     '2.17.0',
230 silly addNameRange     '2.17.1',
230 silly addNameRange     '2.17.2',
230 silly addNameRange     '2.17.3',
230 silly addNameRange     '2.18.0',
230 silly addNameRange     '3.0.0',
230 silly addNameRange     '2.19.0',
230 silly addNameRange     '2.19.1',
230 silly addNameRange     '2.19.2',
230 silly addNameRange     '2.19.3',
230 silly addNameRange     '2.19.4',
230 silly addNameRange     '2.19.5',
230 silly addNameRange     '2.19.6',
230 silly addNameRange     '2.20.0',
230 silly addNameRange     '2.20.1',
230 silly addNameRange     '2.20.2',
230 silly addNameRange     '3.0.1',
230 silly addNameRange     '2.21.0',
230 silly addNameRange     '2.21.1',
230 silly addNameRange     '2.22.0',
230 silly addNameRange     '2.23.0',
230 silly addNameRange     '3.0.2',
230 silly addNameRange     '2.24.0',
230 silly addNameRange     '3.1.0',
230 silly addNameRange     '2.24.1',
230 silly addNameRange     '2.24.2',
230 silly addNameRange     '2.24.3',
230 silly addNameRange     '2.25.0',
230 silly addNameRange     '2.25.1',
230 silly addNameRange     '2.25.2',
230 silly addNameRange     '2.25.3',
230 silly addNameRange     '2.25.4',
230 silly addNameRange     '3.1.1',
230 silly addNameRange     '2.25.5',
230 silly addNameRange     '2.25.6',
230 silly addNameRange     '2.25.7',
230 silly addNameRange     '2.25.8',
230 silly addNameRange     '2.25.9',
230 silly addNameRange     '2.25.10',
230 silly addNameRange     '2.26.0',
230 silly addNameRange     '3.2.0',
230 silly addNameRange     '2.26.1',
230 silly addNameRange     '2.26.2',
230 silly addNameRange     '2.26.3',
230 silly addNameRange     '2.26.4',
230 silly addNameRange     '2.26.5',
230 silly addNameRange     '2.26.6',
230 silly addNameRange     '2.27.0',
230 silly addNameRange     '3.3.0',
230 silly addNameRange     '2.27.1',
230 silly addNameRange     '3.3.1',
230 silly addNameRange     '2.27.2',
230 silly addNameRange     '3.3.2',
230 silly addNameRange     '2.27.3',
230 silly addNameRange     '3.3.3',
230 silly addNameRange     '2.27.4',
230 silly addNameRange     '2.27.5',
230 silly addNameRange     '2.27.6',
230 silly addNameRange     '2.28.0',
230 silly addNameRange     '3.3.4',
230 silly addNameRange     '2.28.1',
230 silly addNameRange     '2.28.2',
230 silly addNameRange     '2.28.3',
230 silly addNameRange     '2.29.0' ] ]
231 verbose addNamed [ 'connect', '3.3.4' ]
232 verbose addNamed [ '3.3.4', '3.3.4' ]
233 silly lockFile d5560a75-connect-3-3-4 connect@3.3.4
234 verbose lock connect@3.3.4 C:\Users\liapan\AppData\Roaming\npm-cache\d5560a75-connect-3-3-4.lock
235 silly addNameRange number 2 { name: 'hashmap', range: '>=2.0.0-0 <3.0.0-0', hasData: true }
236 silly addNameRange versions [ 'hashmap',
236 silly addNameRange   [ '0.9.0',
236 silly addNameRange     '0.9.1',
236 silly addNameRange     '0.9.2',
236 silly addNameRange     '0.9.3',
236 silly addNameRange     '1.0.0',
236 silly addNameRange     '1.0.1',
236 silly addNameRange     '1.1.0',
236 silly addNameRange     '1.2.0',
236 silly addNameRange     '2.0.0',
236 silly addNameRange     '2.0.1' ] ]
237 verbose addNamed [ 'hashmap', '2.0.1' ]
238 verbose addNamed [ '2.0.1', '2.0.1' ]
239 silly lockFile 547c5e61-hashmap-2-0-1 hashmap@2.0.1
240 verbose lock hashmap@2.0.1 C:\Users\liapan\AppData\Roaming\npm-cache\547c5e61-hashmap-2-0-1.lock
241 silly lockFile d5560a75-connect-3-3-4 connect@3.3.4
242 silly lockFile d5560a75-connect-3-3-4 connect@3.3.4
243 silly lockFile 1f7b6dba-connect-3-3-4 connect@^3.3.4
244 silly lockFile 1f7b6dba-connect-3-3-4 connect@^3.3.4
245 silly lockFile 547c5e61-hashmap-2-0-1 hashmap@2.0.1
246 silly lockFile 547c5e61-hashmap-2-0-1 hashmap@2.0.1
247 silly lockFile 72c092fc-hashmap-2-0-0 hashmap@^2.0.0
248 silly lockFile 72c092fc-hashmap-2-0-0 hashmap@^2.0.0
249 http 304 https://registry.npmjs.org/nvd3
250 silly registry.get cb [ 304,
250 silly registry.get   { date: 'Fri, 06 Mar 2015 02:59:46 GMT',
250 silly registry.get     server: 'Apache',
250 silly registry.get     via: '1.1 varnish',
250 silly registry.get     'last-modified': 'Fri, 06 Mar 2015 02:59:46 GMT',
250 silly registry.get     'cache-control': 'max-age=60',
250 silly registry.get     etag: '"ALHYSY67WSSXYT9MMO0CWN47Q"',
250 silly registry.get     age: '0',
250 silly registry.get     'x-served-by': 'cache-nrt6120-NRT',
250 silly registry.get     'x-cache': 'MISS',
250 silly registry.get     'x-cache-hits': '0',
250 silly registry.get     'x-timer': 'S1425610786.379469,VS0,VE101',
250 silly registry.get     vary: 'Accept',
250 silly registry.get     'content-length': '0',
250 silly registry.get     'keep-alive': 'timeout=10, max=49',
250 silly registry.get     connection: 'Keep-Alive' } ]
251 verbose etag https://registry.npmjs.org/nvd3 from cache
252 silly addNameRange number 2 { name: 'nvd3', range: '=0.0.1', hasData: true }
253 silly addNameRange versions [ 'nvd3',
253 silly addNameRange   [ '0.9.0',
253 silly addNameRange     '1.0.0',
253 silly addNameRange     '1.1.10',
253 silly addNameRange     '1.1.12',
253 silly addNameRange     '1.1.13',
253 silly addNameRange     '1.1.14',
253 silly addNameRange     '1.1.15',
253 silly addNameRange     '1.1.15-beta1',
253 silly addNameRange     '1.1.15-beta2' ] ]
254 silly lockFile c3d465a1-nvd3-0-0-1 nvd3@^0.0.1
255 silly lockFile c3d465a1-nvd3-0-0-1 nvd3@^0.0.1
256 http 304 https://registry.npmjs.org/crossfilter
257 silly registry.get cb [ 304,
257 silly registry.get   { date: 'Fri, 06 Mar 2015 02:59:46 GMT',
257 silly registry.get     server: 'Apache',
257 silly registry.get     via: '1.1 varnish',
257 silly registry.get     'last-modified': 'Fri, 06 Mar 2015 02:59:46 GMT',
257 silly registry.get     'cache-control': 'max-age=60',
257 silly registry.get     etag: '"4Y763MTVGOD3DJXEF5GLM1QRG"',
257 silly registry.get     age: '0',
257 silly registry.get     'x-served-by': 'cache-nrt6125-NRT',
257 silly registry.get     'x-cache': 'MISS',
257 silly registry.get     'x-cache-hits': '0',
257 silly registry.get     'x-timer': 'S1425610786.473085,VS0,VE121',
257 silly registry.get     vary: 'Accept',
257 silly registry.get     'content-length': '0',
257 silly registry.get     'keep-alive': 'timeout=10, max=49',
257 silly registry.get     connection: 'Keep-Alive' } ]
258 verbose etag https://registry.npmjs.org/crossfilter from cache
259 silly addNameRange number 2 { name: 'crossfilter',
259 silly addNameRange   range: '>=1.3.7-0 <2.0.0-0',
259 silly addNameRange   hasData: true }
260 silly addNameRange versions [ 'crossfilter',
260 silly addNameRange   [ '1.0.2',
260 silly addNameRange     '1.0.3',
260 silly addNameRange     '1.1.0',
260 silly addNameRange     '1.1.1',
260 silly addNameRange     '1.1.2',
260 silly addNameRange     '1.1.3',
260 silly addNameRange     '1.2.0',
260 silly addNameRange     '1.3.0',
260 silly addNameRange     '1.3.1',
260 silly addNameRange     '1.3.2',
260 silly addNameRange     '1.3.3',
260 silly addNameRange     '1.3.4',
260 silly addNameRange     '1.3.5',
260 silly addNameRange     '1.3.6',
260 silly addNameRange     '1.3.7',
260 silly addNameRange     '1.3.8',
260 silly addNameRange     '1.3.9',
260 silly addNameRange     '1.3.10',
260 silly addNameRange     '1.3.11' ] ]
261 verbose addNamed [ 'crossfilter', '1.3.11' ]
262 verbose addNamed [ '1.3.11', '1.3.11' ]
263 silly lockFile e571a47d-crossfilter-1-3-11 crossfilter@1.3.11
264 verbose lock crossfilter@1.3.11 C:\Users\liapan\AppData\Roaming\npm-cache\e571a47d-crossfilter-1-3-11.lock
265 silly lockFile e571a47d-crossfilter-1-3-11 crossfilter@1.3.11
266 silly lockFile e571a47d-crossfilter-1-3-11 crossfilter@1.3.11
267 silly lockFile e12aa5ea-crossfilter-1-3-7 crossfilter@^1.3.7
268 silly lockFile e12aa5ea-crossfilter-1-3-7 crossfilter@^1.3.7
269 http 304 https://registry.npmjs.org/jquery
270 silly registry.get cb [ 304,
270 silly registry.get   { date: 'Fri, 06 Mar 2015 02:59:46 GMT',
270 silly registry.get     server: 'Apache',
270 silly registry.get     via: '1.1 varnish',
270 silly registry.get     'last-modified': 'Fri, 06 Mar 2015 02:59:46 GMT',
270 silly registry.get     'cache-control': 'max-age=60',
270 silly registry.get     etag: '"1STE3SAY1I7CBO2ZROHJD5N3"',
270 silly registry.get     age: '0',
270 silly registry.get     'x-served-by': 'cache-nrt6130-NRT',
270 silly registry.get     'x-cache': 'HIT',
270 silly registry.get     'x-cache-hits': '1',
270 silly registry.get     'x-timer': 'S1425610786.288953,VS0,VE471',
270 silly registry.get     vary: 'Accept',
270 silly registry.get     'content-length': '0',
270 silly registry.get     'keep-alive': 'timeout=10, max=50',
270 silly registry.get     connection: 'Keep-Alive' } ]
271 verbose etag https://registry.npmjs.org/jquery from cache
272 silly addNameRange number 2 { name: 'jquery', range: '>=1.11.2-0 <2.0.0-0', hasData: true }
273 silly addNameRange versions [ 'jquery',
273 silly addNameRange   [ '1.5.1',
273 silly addNameRange     '1.6.2',
273 silly addNameRange     '1.6.3',
273 silly addNameRange     '1.7.2',
273 silly addNameRange     '1.7.3',
273 silly addNameRange     '1.8.2',
273 silly addNameRange     '1.8.3',
273 silly addNameRange     '2.1.0-beta2',
273 silly addNameRange     '2.1.0-beta3',
273 silly addNameRange     '1.11.0-beta3',
273 silly addNameRange     '1.11.0-rc1',
273 silly addNameRange     '2.1.0-rc1',
273 silly addNameRange     '1.11.0',
273 silly addNameRange     '2.1.0',
273 silly addNameRange     '2.1.1-beta1',
273 silly addNameRange     '1.11.1-beta1',
273 silly addNameRange     '2.1.1-rc1',
273 silly addNameRange     '1.11.1-rc1',
273 silly addNameRange     '2.1.1-rc2',
273 silly addNameRange     '1.11.1-rc2',
273 silly addNameRange     '2.1.1',
273 silly addNameRange     '1.11.1',
273 silly addNameRange     '1.9.1',
273 silly addNameRange     '2.1.2',
273 silly addNameRange     '1.11.2',
273 silly addNameRange     '2.1.3' ] ]
274 verbose addNamed [ 'jquery', '1.11.2' ]
275 verbose addNamed [ '1.11.2', '1.11.2' ]
276 silly lockFile 954fb06c-jquery-1-11-2 jquery@1.11.2
277 verbose lock jquery@1.11.2 C:\Users\liapan\AppData\Roaming\npm-cache\954fb06c-jquery-1-11-2.lock
278 silly lockFile 954fb06c-jquery-1-11-2 jquery@1.11.2
279 silly lockFile 954fb06c-jquery-1-11-2 jquery@1.11.2
280 silly lockFile 43071316-jquery-1-11-2 jquery@^1.11.2
281 silly lockFile 43071316-jquery-1-11-2 jquery@^1.11.2
282 http 304 https://registry.npmjs.org/angular-resource
283 silly registry.get cb [ 304,
283 silly registry.get   { date: 'Fri, 06 Mar 2015 02:59:46 GMT',
283 silly registry.get     server: 'Apache',
283 silly registry.get     via: '1.1 varnish',
283 silly registry.get     'last-modified': 'Fri, 06 Mar 2015 02:59:47 GMT',
283 silly registry.get     'cache-control': 'max-age=60',
283 silly registry.get     etag: '"6KI9LMKVWF6102Z201FVRA26C"',
283 silly registry.get     age: '0',
283 silly registry.get     'x-served-by': 'cache-nrt6131-NRT',
283 silly registry.get     'x-cache': 'MISS',
283 silly registry.get     'x-cache-hits': '0',
283 silly registry.get     'x-timer': 'S1425610786.526864,VS0,VE739',
283 silly registry.get     vary: 'Accept',
283 silly registry.get     'content-length': '0',
283 silly registry.get     'keep-alive': 'timeout=10, max=49',
283 silly registry.get     connection: 'Keep-Alive' } ]
284 verbose etag https://registry.npmjs.org/angular-resource from cache
285 silly addNameRange number 2 { name: 'angular-resource',
285 silly addNameRange   range: '>=1.2.28-0 <2.0.0-0',
285 silly addNameRange   hasData: true }
286 silly addNameRange versions [ 'angular-resource',
286 silly addNameRange   [ '0.0.1',
286 silly addNameRange     '0.0.2',
286 silly addNameRange     '0.1.0',
286 silly addNameRange     '0.1.1',
286 silly addNameRange     '1.3.0-rc.5',
286 silly addNameRange     '1.3.0',
286 silly addNameRange     '1.3.1',
286 silly addNameRange     '1.3.2',
286 silly addNameRange     '1.3.3',
286 silly addNameRange     '1.3.4-build.3587',
286 silly addNameRange     '1.2.27',
286 silly addNameRange     '1.3.4',
286 silly addNameRange     '1.3.5',
286 silly addNameRange     '1.3.36',
286 silly addNameRange     '1.3.6',
286 silly addNameRange     '1.3.7',
286 silly addNameRange     '1.2.28',
286 silly addNameRange     '1.3.8',
286 silly addNameRange     '1.4.0-beta.0',
286 silly addNameRange     '1.3.9',
286 silly addNameRange     '1.3.10',
286 silly addNameRange     '1.4.0-beta.1',
286 silly addNameRange     '1.4.0-beta.2',
286 silly addNameRange     '1.3.11',
286 silly addNameRange     '1.4.0-beta.3',
286 silly addNameRange     '1.3.12',
286 silly addNameRange     '1.3.13',
286 silly addNameRange     '1.4.0-beta.4',
286 silly addNameRange     '1.3.14',
286 silly addNameRange     '1.4.0-beta.5' ] ]
287 verbose addNamed [ 'angular-resource', '1.3.14' ]
288 verbose addNamed [ '1.3.14', '1.3.14' ]
289 silly lockFile fac54bfb-angular-resource-1-3-14 angular-resource@1.3.14
290 verbose lock angular-resource@1.3.14 C:\Users\liapan\AppData\Roaming\npm-cache\fac54bfb-angular-resource-1-3-14.lock
291 silly lockFile fac54bfb-angular-resource-1-3-14 angular-resource@1.3.14
292 silly lockFile fac54bfb-angular-resource-1-3-14 angular-resource@1.3.14
293 silly lockFile 5a1d20a0-angular-resource-1-2-28 angular-resource@^1.2.28
294 silly lockFile 5a1d20a0-angular-resource-1-2-28 angular-resource@^1.2.28
295 error notarget No compatible version found: nvd3@'=0.0.1'
295 error notarget Valid install targets:
295 error notarget ["0.9.0","1.0.0","1.1.10","1.1.12","1.1.13","1.1.14","1.1.15","1.1.15-beta1","1.1.15-beta2"]
295 error notarget
295 error notarget This is most likely not a problem with npm itself.
295 error notarget In most cases you or one of your dependencies are requesting
295 error notarget a package version that doesn't exist.
296 error System Windows_NT 6.1.7601
297 error command "C:\\software\\nodejs\\\\node.exe" "C:\\software\\nodejs\\node_modules\\npm\\bin\\npm-cli.js" "install"
298 error cwd C:\Users\liapan\git\poc-prweb\src\resources
299 error node -v v0.10.32
300 error npm -v 1.4.28
301 error code ETARGET
302 verbose exit [ 1, true ]
